<?xml version="1.0" encoding="UTF-8"?>
<testng-results ignored="0" total="0" passed="0" failed="0" skipped="0">
  <reporter-output>
  </reporter-output>
  <suite started-at="2024-11-04T19:37:18 EET" name="InitTest" finished-at="2024-11-04T19:37:18 EET" duration-ms="7">
    <groups>
    </groups>
    <test started-at="2024-11-04T19:37:18 EET" name="Command line test" finished-at="2024-11-04T19:37:18 EET" duration-ms="7">
    </test> <!-- Command line test -->
  </suite> <!-- InitTest -->
</testng-results>
